Case #1: 
324946049245 367788760341 498074703486 924032139875
341835672166 370749563588 555647844367 846608572826
Case #2: 
151110759719 421575768856 844682095315 885113467968
203777380395 601133613026 686788074549 810783023888
Case #3: 
131378215936 222386864975 432605301738 944888153620
129779775958 361328113776 546701980647 693448665888
Case #4: 
6437502067 456277581677 492017291328 660296385346
142374875190 304274858494 401478437486 766900589248
Case #5: 
180905989776 371823334125 452139350917 655148431020
90435103977 373321915366 452534734687 743725351808
Case #6: 
575123028339 587388562133 711769023972 880428224066
521174078428 611268407353 741838128663 880428224066
Case #7: 
245515901457 290729376255 667369136025 897872277397
326686967816 364587088965 491755018393 918457615960
Case #8: 
558761317606 822429000929 946875649288 963940070806
712538120842 779593280063 853503346115 946371291609
Case #9: 
190195271589 303779754003 782174766231 847981854008
258634339879 411414245349 496445442438 957637618165
Case #10: 
528459207202 558795193106 932896667027 942684049156
690512177721 710374395916 730702543700 831245999154
