Case #1: 
1 4 10 11 12 17
2 3 9 10 13 18
Case #2: 
858 1243 2490 2894 6170 7048
266 1243 2490 2894 4210 9600
Case #3: 
1798 2502 2998 3530 4978 50410
380 2694 3530 4224 4978 50410
Case #4: 
2008 3344 3690 4328 4692 11201
2494 3344 3418 4328 4478 11201
Case #5: 
21479 22562 44352 72302 72337 94957
1414 30561 34511 72302 94244 94957
Case #6: 
1651 53608 66916 82584 86390 97047
10813 53608 53720 71480 98893 99682
Case #7: 
27934 46238 50236 62377 68291 86362
3267 14095 62377 68291 94618 98790
Case #8: 
23335 38012 49537 57908 64452 99440
27402 33360 38012 50015 84455 99440
Case #9: 
206 519 3303 3359 3590 4255
1455 1738 2351 2757 3359 3572
Case #10: 
34257 55401 59813 64784 80779 85386
6787 52241 75799 79428 80779 85386
